{
  "uid" : "53956d0028037136",
  "name" : "test_pagination",
  "fullName" : "python_tests.test_conduit#test_pagination",
  "historyId" : "532b9e2dfc4cebe6a98496e9dbd599c5",
  "time" : {
    "start" : 1627142691353,
    "stop" : 1627142702402,
    "duration" : 11049
  },
  "description" : "select last page and assert if it is 'page-item active' ",
  "descriptionHtml" : "<p>select last page and assert if it is 'page-item active'</p>\n",
  "status" : "broken",
  "statusMessage" : "selenium.common.exceptions.TimeoutException: Message:",
  "statusTrace" : "browser = <selenium.webdriver.chrome.webdriver.WebDriver (session=\"b8e9565c15c4ac06d3fcf4a8bf5a6b3a\")>\n\n    def test_pagination(browser):\n        \"\"\"select last page and assert if it is 'page-item active' \"\"\"\n>       test_login(browser)\n\npython_tests/test_conduit.py:74: \n_ _ _ _ _ _ _ _ _ _ _ _ _ _ _ _ _ _ _ _ _ _ _ _ _ _ _ _ _ _ _ _ _ _ _ _ _ _ _ _ \npython_tests/test_conduit.py:62: in test_login\n    assert wait_for_element(browser, \"//a[@href='#/@Jani/']\").text == \"Jani\"\npython_tests/test_conduit.py:38: in wait_for_element\n    return WebDriverWait(browser, 10).until(\n_ _ _ _ _ _ _ _ _ _ _ _ _ _ _ _ _ _ _ _ _ _ _ _ _ _ _ _ _ _ _ _ _ _ _ _ _ _ _ _ \n\nself = <selenium.webdriver.support.wait.WebDriverWait (session=\"b8e9565c15c4ac06d3fcf4a8bf5a6b3a\")>\nmethod = <selenium.webdriver.support.expected_conditions.visibility_of_element_located object at 0x7f53caef8070>\nmessage = ''\n\n    def until(self, method, message=''):\n        \"\"\"Calls the method provided with the driver as an argument until the \\\n        return value is not False.\"\"\"\n        screen = None\n        stacktrace = None\n    \n        end_time = time.time() + self._timeout\n        while True:\n            try:\n                value = method(self._driver)\n                if value:\n                    return value\n            except self._ignored_exceptions as exc:\n                screen = getattr(exc, 'screen', None)\n                stacktrace = getattr(exc, 'stacktrace', None)\n            time.sleep(self._poll)\n            if time.time() > end_time:\n                break\n>       raise TimeoutException(message, screen, stacktrace)\nE       selenium.common.exceptions.TimeoutException: Message:\n\n/opt/hostedtoolcache/Python/3.9.6/x64/lib/python3.9/site-packages/selenium/webdriver/support/wait.py:80: TimeoutException",
  "flaky" : false,
  "newFailed" : false,
  "beforeStages" : [ {
    "name" : "browser",
    "time" : {
      "start" : 1627142669302,
      "stop" : 1627142677671,
      "duration" : 8369
    },
    "status" : "passed",
    "steps" : [ ],
    "attachments" : [ ],
    "parameters" : [ ],
    "stepsCount" : 0,
    "attachmentsCount" : 0,
    "shouldDisplayMessage" : false,
    "hasContent" : false
  } ],
  "afterStages" : [ ],
  "labels" : [ {
    "name" : "parentSuite",
    "value" : "python_tests"
  }, {
    "name" : "suite",
    "value" : "test_conduit"
  }, {
    "name" : "host",
    "value" : "fv-az42-11"
  }, {
    "name" : "thread",
    "value" : "3656-MainThread"
  }, {
    "name" : "framework",
    "value" : "pytest"
  }, {
    "name" : "language",
    "value" : "cpython3"
  }, {
    "name" : "package",
    "value" : "python_tests.test_conduit"
  }, {
    "name" : "resultFormat",
    "value" : "allure2"
  } ],
  "parameters" : [ ],
  "links" : [ ],
  "hidden" : false,
  "retry" : false,
  "extra" : {
    "severity" : "normal",
    "retries" : [ ],
    "categories" : [ {
      "name" : "Test defects",
      "matchedStatuses" : [ ],
      "flaky" : false
    } ],
    "tags" : [ ]
  },
  "source" : "53956d0028037136.json",
  "parameterValues" : [ ]
}