{
  "uid" : "70b9dd4f4cd4465d",
  "name" : "test_login",
  "fullName" : "python_tests.test_conduit#test_login",
  "historyId" : "2d27b883ab163515eca2f4f32a9e9234",
  "time" : {
    "start" : 1628143274426,
    "stop" : 1628143284481,
    "duration" : 10055
  },
  "description" : "login with a registered user",
  "descriptionHtml" : "<p>login with a registered user</p>\n",
  "status" : "broken",
  "statusMessage" : "selenium.common.exceptions.NoSuchElementException: Message: no such element: Unable to locate element: {\"method\":\"xpath\",\"selector\":\"//a[@href=\"#/login\"]\"}\n  (Session info: headless chrome=92.0.4515.131)",
  "statusTrace" : "browser = <selenium.webdriver.chrome.webdriver.WebDriver (session=\"5e7f6683a9c967622ba020ea5063e4db\")>\n\n    def test_login(browser):\n        \"\"\"login with a registered user\"\"\"\n        browser.get('http://localhost:1667/')\n>       find_locators(browser, \"login\").click()\n\npython_tests/test_conduit.py:98: \n_ _ _ _ _ _ _ _ _ _ _ _ _ _ _ _ _ _ _ _ _ _ _ _ _ _ _ _ _ _ _ _ _ _ _ _ _ _ _ _ \npython_tests/test_conduit.py:60: in find_locators\n    return browser.find_element_by_xpath(locators[xpath])\n/opt/hostedtoolcache/Python/3.9.6/x64/lib/python3.9/site-packages/selenium/webdriver/remote/webdriver.py:394: in find_element_by_xpath\n    return self.find_element(by=By.XPATH, value=xpath)\n/opt/hostedtoolcache/Python/3.9.6/x64/lib/python3.9/site-packages/selenium/webdriver/remote/webdriver.py:976: in find_element\n    return self.execute(Command.FIND_ELEMENT, {\n/opt/hostedtoolcache/Python/3.9.6/x64/lib/python3.9/site-packages/selenium/webdriver/remote/webdriver.py:321: in execute\n    self.error_handler.check_response(response)\n_ _ _ _ _ _ _ _ _ _ _ _ _ _ _ _ _ _ _ _ _ _ _ _ _ _ _ _ _ _ _ _ _ _ _ _ _ _ _ _ \n\nself = <selenium.webdriver.remote.errorhandler.ErrorHandler object at 0x7f96808ad9a0>\nresponse = {'status': 404, 'value': '{\"value\":{\"error\":\"no such element\",\"message\":\"no such element: Unable to locate element: {\\...wn>\\\\n#15 0x558c83060e58 \\\\u003Cunknown>\\\\n#16 0x558c8307adfd \\\\u003Cunknown>\\\\n#17 0x7fd8131d4609 start_thread\\\\n\"}}'}\n\n    def check_response(self, response):\n        \"\"\"\n        Checks that a JSON response from the WebDriver does not have an error.\n    \n        :Args:\n         - response - The JSON response from the WebDriver server as a dictionary\n           object.\n    \n        :Raises: If the response contains an error message.\n        \"\"\"\n        status = response.get('status', None)\n        if status is None or status == ErrorCode.SUCCESS:\n            return\n        value = None\n        message = response.get(\"message\", \"\")\n        screen = response.get(\"screen\", \"\")\n        stacktrace = None\n        if isinstance(status, int):\n            value_json = response.get('value', None)\n            if value_json and isinstance(value_json, basestring):\n                import json\n                try:\n                    value = json.loads(value_json)\n                    if len(value.keys()) == 1:\n                        value = value['value']\n                    status = value.get('error', None)\n                    if status is None:\n                        status = value[\"status\"]\n                        message = value[\"value\"]\n                        if not isinstance(message, basestring):\n                            value = message\n                            message = message.get('message')\n                    else:\n                        message = value.get('message', None)\n                except ValueError:\n                    pass\n    \n        exception_class = ErrorInResponseException\n        if status in ErrorCode.NO_SUCH_ELEMENT:\n            exception_class = NoSuchElementException\n        elif status in ErrorCode.NO_SUCH_FRAME:\n            exception_class = NoSuchFrameException\n        elif status in ErrorCode.NO_SUCH_WINDOW:\n            exception_class = NoSuchWindowException\n        elif status in ErrorCode.STALE_ELEMENT_REFERENCE:\n            exception_class = StaleElementReferenceException\n        elif status in ErrorCode.ELEMENT_NOT_VISIBLE:\n            exception_class = ElementNotVisibleException\n        elif status in ErrorCode.INVALID_ELEMENT_STATE:\n            exception_class = InvalidElementStateException\n        elif status in ErrorCode.INVALID_SELECTOR \\\n                or status in ErrorCode.INVALID_XPATH_SELECTOR \\\n                or status in ErrorCode.INVALID_XPATH_SELECTOR_RETURN_TYPER:\n            exception_class = InvalidSelectorException\n        elif status in ErrorCode.ELEMENT_IS_NOT_SELECTABLE:\n            exception_class = ElementNotSelectableException\n        elif status in ErrorCode.ELEMENT_NOT_INTERACTABLE:\n            exception_class = ElementNotInteractableException\n        elif status in ErrorCode.INVALID_COOKIE_DOMAIN:\n            exception_class = InvalidCookieDomainException\n        elif status in ErrorCode.UNABLE_TO_SET_COOKIE:\n            exception_class = UnableToSetCookieException\n        elif status in ErrorCode.TIMEOUT:\n            exception_class = TimeoutException\n        elif status in ErrorCode.SCRIPT_TIMEOUT:\n            exception_class = TimeoutException\n        elif status in ErrorCode.UNKNOWN_ERROR:\n            exception_class = WebDriverException\n        elif status in ErrorCode.UNEXPECTED_ALERT_OPEN:\n            exception_class = UnexpectedAlertPresentException\n        elif status in ErrorCode.NO_ALERT_OPEN:\n            exception_class = NoAlertPresentException\n        elif status in ErrorCode.IME_NOT_AVAILABLE:\n            exception_class = ImeNotAvailableException\n        elif status in ErrorCode.IME_ENGINE_ACTIVATION_FAILED:\n            exception_class = ImeActivationFailedException\n        elif status in ErrorCode.MOVE_TARGET_OUT_OF_BOUNDS:\n            exception_class = MoveTargetOutOfBoundsException\n        elif status in ErrorCode.JAVASCRIPT_ERROR:\n            exception_class = JavascriptException\n        elif status in ErrorCode.SESSION_NOT_CREATED:\n            exception_class = SessionNotCreatedException\n        elif status in ErrorCode.INVALID_ARGUMENT:\n            exception_class = InvalidArgumentException\n        elif status in ErrorCode.NO_SUCH_COOKIE:\n            exception_class = NoSuchCookieException\n        elif status in ErrorCode.UNABLE_TO_CAPTURE_SCREEN:\n            exception_class = ScreenshotException\n        elif status in ErrorCode.ELEMENT_CLICK_INTERCEPTED:\n            exception_class = ElementClickInterceptedException\n        elif status in ErrorCode.INSECURE_CERTIFICATE:\n            exception_class = InsecureCertificateException\n        elif status in ErrorCode.INVALID_COORDINATES:\n            exception_class = InvalidCoordinatesException\n        elif status in ErrorCode.INVALID_SESSION_ID:\n            exception_class = InvalidSessionIdException\n        elif status in ErrorCode.UNKNOWN_METHOD:\n            exception_class = UnknownMethodException\n        else:\n            exception_class = WebDriverException\n        if value == '' or value is None:\n            value = response['value']\n        if isinstance(value, basestring):\n            if exception_class == ErrorInResponseException:\n                raise exception_class(response, value)\n            raise exception_class(value)\n        if message == \"\" and 'message' in value:\n            message = value['message']\n    \n        screen = None\n        if 'screen' in value:\n            screen = value['screen']\n    \n        stacktrace = None\n        if 'stackTrace' in value and value['stackTrace']:\n            stacktrace = []\n            try:\n                for frame in value['stackTrace']:\n                    line = self._value_or_default(frame, 'lineNumber', '')\n                    file = self._value_or_default(frame, 'fileName', '<anonymous>')\n                    if line:\n                        file = \"%s:%s\" % (file, line)\n                    meth = self._value_or_default(frame, 'methodName', '<anonymous>')\n                    if 'className' in frame:\n                        meth = \"%s.%s\" % (frame['className'], meth)\n                    msg = \"    at %s (%s)\"\n                    msg = msg % (meth, file)\n                    stacktrace.append(msg)\n            except TypeError:\n                pass\n        if exception_class == ErrorInResponseException:\n            raise exception_class(response, message)\n        elif exception_class == UnexpectedAlertPresentException:\n            alert_text = None\n            if 'data' in value:\n                alert_text = value['data'].get('text')\n            elif 'alert' in value:\n                alert_text = value['alert'].get('text')\n            raise exception_class(message, screen, stacktrace, alert_text)\n>       raise exception_class(message, screen, stacktrace)\nE       selenium.common.exceptions.NoSuchElementException: Message: no such element: Unable to locate element: {\"method\":\"xpath\",\"selector\":\"//a[@href=\"#/login\"]\"}\nE         (Session info: headless chrome=92.0.4515.131)\n\n/opt/hostedtoolcache/Python/3.9.6/x64/lib/python3.9/site-packages/selenium/webdriver/remote/errorhandler.py:242: NoSuchElementException",
  "flaky" : false,
  "newFailed" : false,
  "beforeStages" : [ {
    "name" : "browser",
    "time" : {
      "start" : 1628143241832,
      "stop" : 1628143243629,
      "duration" : 1797
    },
    "status" : "passed",
    "steps" : [ ],
    "attachments" : [ ],
    "parameters" : [ ],
    "stepsCount" : 0,
    "attachmentsCount" : 0,
    "shouldDisplayMessage" : false,
    "hasContent" : false
  } ],
  "afterStages" : [ ],
  "labels" : [ {
    "name" : "parentSuite",
    "value" : "python_tests"
  }, {
    "name" : "suite",
    "value" : "test_conduit"
  }, {
    "name" : "host",
    "value" : "fv-az83-274"
  }, {
    "name" : "thread",
    "value" : "3701-MainThread"
  }, {
    "name" : "framework",
    "value" : "pytest"
  }, {
    "name" : "language",
    "value" : "cpython3"
  }, {
    "name" : "package",
    "value" : "python_tests.test_conduit"
  }, {
    "name" : "resultFormat",
    "value" : "allure2"
  } ],
  "parameters" : [ ],
  "links" : [ ],
  "hidden" : false,
  "retry" : false,
  "extra" : {
    "severity" : "normal",
    "retries" : [ ],
    "categories" : [ {
      "name" : "Test defects",
      "matchedStatuses" : [ ],
      "flaky" : false
    } ],
    "history" : {
      "statistic" : {
        "failed" : 0,
        "broken" : 4,
        "skipped" : 0,
        "passed" : 11,
        "unknown" : 0,
        "total" : 15
      },
      "items" : [ {
        "uid" : "3a99e438d5c9d190",
        "reportUrl" : "https://jkozma78.github.io/conduit/115//#testresult/3a99e438d5c9d190",
        "status" : "broken",
        "statusDetails" : "selenium.common.exceptions.NoSuchElementException: Message: no such element: Unable to locate element: {\"method\":\"xpath\",\"selector\":\"//a[@href=\"#/login\"]\"}\n  (Session info: headless chrome=92.0.4515.131)",
        "time" : {
          "start" : 1628142767184,
          "stop" : 1628142777262,
          "duration" : 10078
        }
      }, {
        "uid" : "eae0139f52f0b8ed",
        "reportUrl" : "https://jkozma78.github.io/conduit/113//#testresult/eae0139f52f0b8ed",
        "status" : "passed",
        "time" : {
          "start" : 1628101374735,
          "stop" : 1628101375675,
          "duration" : 940
        }
      }, {
        "uid" : "6168a53a8935e2e9",
        "reportUrl" : "https://jkozma78.github.io/conduit/112//#testresult/6168a53a8935e2e9",
        "status" : "passed",
        "time" : {
          "start" : 1628101136773,
          "stop" : 1628101137678,
          "duration" : 905
        }
      }, {
        "uid" : "899ef57adff7add9",
        "reportUrl" : "https://jkozma78.github.io/conduit/111//#testresult/899ef57adff7add9",
        "status" : "passed",
        "time" : {
          "start" : 1628100672309,
          "stop" : 1628100673111,
          "duration" : 802
        }
      }, {
        "uid" : "7b8295ff2f956b84",
        "reportUrl" : "https://jkozma78.github.io/conduit/110//#testresult/7b8295ff2f956b84",
        "status" : "passed",
        "time" : {
          "start" : 1628100318032,
          "stop" : 1628100318915,
          "duration" : 883
        }
      }, {
        "uid" : "82e240c430ee8fdd",
        "reportUrl" : "https://jkozma78.github.io/conduit/109//#testresult/82e240c430ee8fdd",
        "status" : "passed",
        "time" : {
          "start" : 1628100063938,
          "stop" : 1628100064857,
          "duration" : 919
        }
      }, {
        "uid" : "41d28e9e741c2be3",
        "reportUrl" : "https://jkozma78.github.io/conduit/108//#testresult/41d28e9e741c2be3",
        "status" : "passed",
        "time" : {
          "start" : 1628099303816,
          "stop" : 1628099304699,
          "duration" : 883
        }
      }, {
        "uid" : "dbc52d58b6258036",
        "reportUrl" : "https://jkozma78.github.io/conduit/107//#testresult/dbc52d58b6258036",
        "status" : "passed",
        "time" : {
          "start" : 1628098841432,
          "stop" : 1628098842498,
          "duration" : 1066
        }
      }, {
        "uid" : "4f219d7d9d08b82e",
        "reportUrl" : "https://jkozma78.github.io/conduit/106//#testresult/4f219d7d9d08b82e",
        "status" : "passed",
        "time" : {
          "start" : 1628098022179,
          "stop" : 1628098023058,
          "duration" : 879
        }
      }, {
        "uid" : "b25baa6fabd0f42c",
        "reportUrl" : "https://jkozma78.github.io/conduit/105//#testresult/b25baa6fabd0f42c",
        "status" : "passed",
        "time" : {
          "start" : 1628093190084,
          "stop" : 1628093190985,
          "duration" : 901
        }
      }, {
        "uid" : "f7e2a1069906b0d5",
        "reportUrl" : "https://jkozma78.github.io/conduit/104//#testresult/f7e2a1069906b0d5",
        "status" : "passed",
        "time" : {
          "start" : 1627142957676,
          "stop" : 1627142958600,
          "duration" : 924
        }
      }, {
        "uid" : "efeba90a2785c844",
        "reportUrl" : "https://jkozma78.github.io/conduit/103//#testresult/efeba90a2785c844",
        "status" : "broken",
        "statusDetails" : "selenium.common.exceptions.TimeoutException: Message:",
        "time" : {
          "start" : 1627142677673,
          "stop" : 1627142690110,
          "duration" : 12437
        }
      }, {
        "uid" : "b72576886779d9c8",
        "reportUrl" : "https://jkozma78.github.io/conduit/102//#testresult/b72576886779d9c8",
        "status" : "passed",
        "time" : {
          "start" : 1626954139801,
          "stop" : 1626954140927,
          "duration" : 1126
        }
      }, {
        "uid" : "8316142f77841604",
        "reportUrl" : "https://jkozma78.github.io/conduit/101//#testresult/8316142f77841604",
        "status" : "broken",
        "statusDetails" : "selenium.common.exceptions.TimeoutException: Message:",
        "time" : {
          "start" : 1626953739443,
          "stop" : 1626953751026,
          "duration" : 11583
        }
      } ]
    },
    "tags" : [ ]
  },
  "source" : "70b9dd4f4cd4465d.json",
  "parameterValues" : [ ]
}