{
  "uid" : "1c1716ef5bb27095",
  "name" : "test_accept_cookies",
  "fullName" : "python_tests.test_conduit#test_accept_cookies",
  "historyId" : "b92ef54bbb5799d5ce986146bbd0f476",
  "time" : {
    "start" : 1628142787336,
    "stop" : 1628142797344,
    "duration" : 10008
  },
  "description" : "accept cookies",
  "descriptionHtml" : "<p>accept cookies</p>\n",
  "status" : "broken",
  "statusMessage" : "selenium.common.exceptions.NoSuchElementException: Message: no such element: Unable to locate element: {\"method\":\"xpath\",\"selector\":\"//button[@class=\"cookie__bar__buttons__button cookie__bar__buttons__button--accept\"]\"}\n  (Session info: headless chrome=92.0.4515.131)",
  "statusTrace" : "browser = <selenium.webdriver.chrome.webdriver.WebDriver (session=\"3ea9ba9bc2fb9520659266fcbfb63df5\")>\n\n    def test_accept_cookies(browser):\n        \"\"\"accept cookies\"\"\"\n>       find_locators(browser, \"accept\").click()\n\npython_tests/test_conduit.py:123: \n_ _ _ _ _ _ _ _ _ _ _ _ _ _ _ _ _ _ _ _ _ _ _ _ _ _ _ _ _ _ _ _ _ _ _ _ _ _ _ _ \npython_tests/test_conduit.py:60: in find_locators\n    return browser.find_element_by_xpath(locators[xpath])\n/opt/hostedtoolcache/Python/3.9.6/x64/lib/python3.9/site-packages/selenium/webdriver/remote/webdriver.py:394: in find_element_by_xpath\n    return self.find_element(by=By.XPATH, value=xpath)\n/opt/hostedtoolcache/Python/3.9.6/x64/lib/python3.9/site-packages/selenium/webdriver/remote/webdriver.py:976: in find_element\n    return self.execute(Command.FIND_ELEMENT, {\n/opt/hostedtoolcache/Python/3.9.6/x64/lib/python3.9/site-packages/selenium/webdriver/remote/webdriver.py:321: in execute\n    self.error_handler.check_response(response)\n_ _ _ _ _ _ _ _ _ _ _ _ _ _ _ _ _ _ _ _ _ _ _ _ _ _ _ _ _ _ _ _ _ _ _ _ _ _ _ _ \n\nself = <selenium.webdriver.remote.errorhandler.ErrorHandler object at 0x7f9aeabd0880>\nresponse = {'status': 404, 'value': '{\"value\":{\"error\":\"no such element\",\"message\":\"no such element: Unable to locate element: {\\...wn>\\\\n#15 0x55644324de58 \\\\u003Cunknown>\\\\n#16 0x556443267dfd \\\\u003Cunknown>\\\\n#17 0x7fe441d3a609 start_thread\\\\n\"}}'}\n\n    def check_response(self, response):\n        \"\"\"\n        Checks that a JSON response from the WebDriver does not have an error.\n    \n        :Args:\n         - response - The JSON response from the WebDriver server as a dictionary\n           object.\n    \n        :Raises: If the response contains an error message.\n        \"\"\"\n        status = response.get('status', None)\n        if status is None or status == ErrorCode.SUCCESS:\n            return\n        value = None\n        message = response.get(\"message\", \"\")\n        screen = response.get(\"screen\", \"\")\n        stacktrace = None\n        if isinstance(status, int):\n            value_json = response.get('value', None)\n            if value_json and isinstance(value_json, basestring):\n                import json\n                try:\n                    value = json.loads(value_json)\n                    if len(value.keys()) == 1:\n                        value = value['value']\n                    status = value.get('error', None)\n                    if status is None:\n                        status = value[\"status\"]\n                        message = value[\"value\"]\n                        if not isinstance(message, basestring):\n                            value = message\n                            message = message.get('message')\n                    else:\n                        message = value.get('message', None)\n                except ValueError:\n                    pass\n    \n        exception_class = ErrorInResponseException\n        if status in ErrorCode.NO_SUCH_ELEMENT:\n            exception_class = NoSuchElementException\n        elif status in ErrorCode.NO_SUCH_FRAME:\n            exception_class = NoSuchFrameException\n        elif status in ErrorCode.NO_SUCH_WINDOW:\n            exception_class = NoSuchWindowException\n        elif status in ErrorCode.STALE_ELEMENT_REFERENCE:\n            exception_class = StaleElementReferenceException\n        elif status in ErrorCode.ELEMENT_NOT_VISIBLE:\n            exception_class = ElementNotVisibleException\n        elif status in ErrorCode.INVALID_ELEMENT_STATE:\n            exception_class = InvalidElementStateException\n        elif status in ErrorCode.INVALID_SELECTOR \\\n                or status in ErrorCode.INVALID_XPATH_SELECTOR \\\n                or status in ErrorCode.INVALID_XPATH_SELECTOR_RETURN_TYPER:\n            exception_class = InvalidSelectorException\n        elif status in ErrorCode.ELEMENT_IS_NOT_SELECTABLE:\n            exception_class = ElementNotSelectableException\n        elif status in ErrorCode.ELEMENT_NOT_INTERACTABLE:\n            exception_class = ElementNotInteractableException\n        elif status in ErrorCode.INVALID_COOKIE_DOMAIN:\n            exception_class = InvalidCookieDomainException\n        elif status in ErrorCode.UNABLE_TO_SET_COOKIE:\n            exception_class = UnableToSetCookieException\n        elif status in ErrorCode.TIMEOUT:\n            exception_class = TimeoutException\n        elif status in ErrorCode.SCRIPT_TIMEOUT:\n            exception_class = TimeoutException\n        elif status in ErrorCode.UNKNOWN_ERROR:\n            exception_class = WebDriverException\n        elif status in ErrorCode.UNEXPECTED_ALERT_OPEN:\n            exception_class = UnexpectedAlertPresentException\n        elif status in ErrorCode.NO_ALERT_OPEN:\n            exception_class = NoAlertPresentException\n        elif status in ErrorCode.IME_NOT_AVAILABLE:\n            exception_class = ImeNotAvailableException\n        elif status in ErrorCode.IME_ENGINE_ACTIVATION_FAILED:\n            exception_class = ImeActivationFailedException\n        elif status in ErrorCode.MOVE_TARGET_OUT_OF_BOUNDS:\n            exception_class = MoveTargetOutOfBoundsException\n        elif status in ErrorCode.JAVASCRIPT_ERROR:\n            exception_class = JavascriptException\n        elif status in ErrorCode.SESSION_NOT_CREATED:\n            exception_class = SessionNotCreatedException\n        elif status in ErrorCode.INVALID_ARGUMENT:\n            exception_class = InvalidArgumentException\n        elif status in ErrorCode.NO_SUCH_COOKIE:\n            exception_class = NoSuchCookieException\n        elif status in ErrorCode.UNABLE_TO_CAPTURE_SCREEN:\n            exception_class = ScreenshotException\n        elif status in ErrorCode.ELEMENT_CLICK_INTERCEPTED:\n            exception_class = ElementClickInterceptedException\n        elif status in ErrorCode.INSECURE_CERTIFICATE:\n            exception_class = InsecureCertificateException\n        elif status in ErrorCode.INVALID_COORDINATES:\n            exception_class = InvalidCoordinatesException\n        elif status in ErrorCode.INVALID_SESSION_ID:\n            exception_class = InvalidSessionIdException\n        elif status in ErrorCode.UNKNOWN_METHOD:\n            exception_class = UnknownMethodException\n        else:\n            exception_class = WebDriverException\n        if value == '' or value is None:\n            value = response['value']\n        if isinstance(value, basestring):\n            if exception_class == ErrorInResponseException:\n                raise exception_class(response, value)\n            raise exception_class(value)\n        if message == \"\" and 'message' in value:\n            message = value['message']\n    \n        screen = None\n        if 'screen' in value:\n            screen = value['screen']\n    \n        stacktrace = None\n        if 'stackTrace' in value and value['stackTrace']:\n            stacktrace = []\n            try:\n                for frame in value['stackTrace']:\n                    line = self._value_or_default(frame, 'lineNumber', '')\n                    file = self._value_or_default(frame, 'fileName', '<anonymous>')\n                    if line:\n                        file = \"%s:%s\" % (file, line)\n                    meth = self._value_or_default(frame, 'methodName', '<anonymous>')\n                    if 'className' in frame:\n                        meth = \"%s.%s\" % (frame['className'], meth)\n                    msg = \"    at %s (%s)\"\n                    msg = msg % (meth, file)\n                    stacktrace.append(msg)\n            except TypeError:\n                pass\n        if exception_class == ErrorInResponseException:\n            raise exception_class(response, message)\n        elif exception_class == UnexpectedAlertPresentException:\n            alert_text = None\n            if 'data' in value:\n                alert_text = value['data'].get('text')\n            elif 'alert' in value:\n                alert_text = value['alert'].get('text')\n            raise exception_class(message, screen, stacktrace, alert_text)\n>       raise exception_class(message, screen, stacktrace)\nE       selenium.common.exceptions.NoSuchElementException: Message: no such element: Unable to locate element: {\"method\":\"xpath\",\"selector\":\"//button[@class=\"cookie__bar__buttons__button cookie__bar__buttons__button--accept\"]\"}\nE         (Session info: headless chrome=92.0.4515.131)\n\n/opt/hostedtoolcache/Python/3.9.6/x64/lib/python3.9/site-packages/selenium/webdriver/remote/errorhandler.py:242: NoSuchElementException",
  "flaky" : false,
  "newFailed" : false,
  "beforeStages" : [ {
    "name" : "browser",
    "time" : {
      "start" : 1628142734775,
      "stop" : 1628142736555,
      "duration" : 1780
    },
    "status" : "passed",
    "steps" : [ ],
    "attachments" : [ ],
    "parameters" : [ ],
    "stepsCount" : 0,
    "attachmentsCount" : 0,
    "shouldDisplayMessage" : false,
    "hasContent" : false
  } ],
  "afterStages" : [ ],
  "labels" : [ {
    "name" : "parentSuite",
    "value" : "python_tests"
  }, {
    "name" : "suite",
    "value" : "test_conduit"
  }, {
    "name" : "host",
    "value" : "fv-az39-803"
  }, {
    "name" : "thread",
    "value" : "3723-MainThread"
  }, {
    "name" : "framework",
    "value" : "pytest"
  }, {
    "name" : "language",
    "value" : "cpython3"
  }, {
    "name" : "package",
    "value" : "python_tests.test_conduit"
  }, {
    "name" : "resultFormat",
    "value" : "allure2"
  } ],
  "parameters" : [ ],
  "links" : [ ],
  "hidden" : false,
  "retry" : false,
  "extra" : {
    "severity" : "normal",
    "retries" : [ ],
    "categories" : [ {
      "name" : "Test defects",
      "matchedStatuses" : [ ],
      "flaky" : false
    } ],
    "history" : {
      "statistic" : {
        "failed" : 0,
        "broken" : 3,
        "skipped" : 0,
        "passed" : 11,
        "unknown" : 0,
        "total" : 14
      },
      "items" : [ {
        "uid" : "b39c4ef59fa230bc",
        "reportUrl" : "https://jkozma78.github.io/conduit/113//#testresult/b39c4ef59fa230bc",
        "status" : "passed",
        "time" : {
          "start" : 1628101388694,
          "stop" : 1628101399010,
          "duration" : 10316
        }
      }, {
        "uid" : "51de83c8408a4a6c",
        "reportUrl" : "https://jkozma78.github.io/conduit/112//#testresult/51de83c8408a4a6c",
        "status" : "passed",
        "time" : {
          "start" : 1628101138937,
          "stop" : 1628101149116,
          "duration" : 10179
        }
      }, {
        "uid" : "903b8e3ec83881ec",
        "reportUrl" : "https://jkozma78.github.io/conduit/111//#testresult/903b8e3ec83881ec",
        "status" : "passed",
        "time" : {
          "start" : 1628100674306,
          "stop" : 1628100684497,
          "duration" : 10191
        }
      }, {
        "uid" : "b3b151c3d4b33c84",
        "reportUrl" : "https://jkozma78.github.io/conduit/110//#testresult/b3b151c3d4b33c84",
        "status" : "passed",
        "time" : {
          "start" : 1628100320128,
          "stop" : 1628100330278,
          "duration" : 10150
        }
      }, {
        "uid" : "d3d61950f9bb9037",
        "reportUrl" : "https://jkozma78.github.io/conduit/109//#testresult/d3d61950f9bb9037",
        "status" : "passed",
        "time" : {
          "start" : 1628100077724,
          "stop" : 1628100087980,
          "duration" : 10256
        }
      }, {
        "uid" : "f915b036de991c5",
        "reportUrl" : "https://jkozma78.github.io/conduit/108//#testresult/f915b036de991c5",
        "status" : "passed",
        "time" : {
          "start" : 1628099317410,
          "stop" : 1628099327707,
          "duration" : 10297
        }
      }, {
        "uid" : "71649fca7192c6aa",
        "reportUrl" : "https://jkozma78.github.io/conduit/107//#testresult/71649fca7192c6aa",
        "status" : "passed",
        "time" : {
          "start" : 1628098855432,
          "stop" : 1628098865775,
          "duration" : 10343
        }
      }, {
        "uid" : "a4aa39ade0658bb8",
        "reportUrl" : "https://jkozma78.github.io/conduit/106//#testresult/a4aa39ade0658bb8",
        "status" : "passed",
        "time" : {
          "start" : 1628098035864,
          "stop" : 1628098046151,
          "duration" : 10287
        }
      }, {
        "uid" : "df8a669142fc53b3",
        "reportUrl" : "https://jkozma78.github.io/conduit/105//#testresult/df8a669142fc53b3",
        "status" : "passed",
        "time" : {
          "start" : 1628093203779,
          "stop" : 1628093214034,
          "duration" : 10255
        }
      }, {
        "uid" : "fd41b5c7c92f89e8",
        "reportUrl" : "https://jkozma78.github.io/conduit/104//#testresult/fd41b5c7c92f89e8",
        "status" : "passed",
        "time" : {
          "start" : 1627142958602,
          "stop" : 1627142958735,
          "duration" : 133
        }
      }, {
        "uid" : "3d5c079ac664fb2b",
        "reportUrl" : "https://jkozma78.github.io/conduit/103//#testresult/3d5c079ac664fb2b",
        "status" : "broken",
        "statusDetails" : "selenium.common.exceptions.ElementClickInterceptedException: Message: element click intercepted: Element <button class=\"cookie__bar__buttons__button cookie__bar__buttons__button--accept\">...</button> is not clickable at point (171, 569). Other element would receive the click: <div class=\"swal-overlay swal-overlay--show-modal\" tabindex=\"-1\">...</div>\n  (Session info: headless chrome=91.0.4472.164)",
        "time" : {
          "start" : 1627142690185,
          "stop" : 1627142691287,
          "duration" : 1102
        }
      }, {
        "uid" : "d720b08f85d750f3",
        "reportUrl" : "https://jkozma78.github.io/conduit/102//#testresult/d720b08f85d750f3",
        "status" : "passed",
        "time" : {
          "start" : 1626954140931,
          "stop" : 1626954141104,
          "duration" : 173
        }
      }, {
        "uid" : "1032cb947654b253",
        "reportUrl" : "https://jkozma78.github.io/conduit/101//#testresult/1032cb947654b253",
        "status" : "broken",
        "statusDetails" : "selenium.common.exceptions.ElementClickInterceptedException: Message: element click intercepted: Element <button class=\"cookie__bar__buttons__button cookie__bar__buttons__button--accept\">...</button> is not clickable at point (171, 569). Other element would receive the click: <div class=\"swal-overlay swal-overlay--show-modal\" tabindex=\"-1\">...</div>\n  (Session info: headless chrome=91.0.4472.164)",
        "time" : {
          "start" : 1626953751090,
          "stop" : 1626953752196,
          "duration" : 1106
        }
      } ]
    },
    "tags" : [ ]
  },
  "source" : "1c1716ef5bb27095.json",
  "parameterValues" : [ ]
}