{
  "uid" : "e83044b97997a1ad",
  "name" : "test_pagination",
  "fullName" : "python_tests.test_conduit#test_pagination",
  "historyId" : "532b9e2dfc4cebe6a98496e9dbd599c5",
  "time" : {
    "start" : 1628154559458,
    "stop" : 1628154580542,
    "duration" : 21084
  },
  "description" : "select last page and assert if it is 'page-item active' ",
  "descriptionHtml" : "<p>select last page and assert if it is 'page-item active'</p>\n",
  "status" : "broken",
  "statusMessage" : "selenium.common.exceptions.TimeoutException: Message:",
  "statusTrace" : "browser = <selenium.webdriver.chrome.webdriver.WebDriver (session=\"a36c9175d886bcebd5b6a5b49f5b7968\")>\n\n    def test_pagination(browser):\n        \"\"\"select last page and assert if it is 'page-item active' \"\"\"\n>       wait_for_element(browser, locators[\"pages\"])\n\npython_tests/test_conduit.py:135: \n_ _ _ _ _ _ _ _ _ _ _ _ _ _ _ _ _ _ _ _ _ _ _ _ _ _ _ _ _ _ _ _ _ _ _ _ _ _ _ _ \npython_tests/test_conduit.py:66: in wait_for_element\n    return WebDriverWait(browser, 20).until(\n_ _ _ _ _ _ _ _ _ _ _ _ _ _ _ _ _ _ _ _ _ _ _ _ _ _ _ _ _ _ _ _ _ _ _ _ _ _ _ _ \n\nself = <selenium.webdriver.support.wait.WebDriverWait (session=\"a36c9175d886bcebd5b6a5b49f5b7968\")>\nmethod = <selenium.webdriver.support.expected_conditions.visibility_of_element_located object at 0x7f71d786b550>\nmessage = ''\n\n    def until(self, method, message=''):\n        \"\"\"Calls the method provided with the driver as an argument until the \\\n        return value is not False.\"\"\"\n        screen = None\n        stacktrace = None\n    \n        end_time = time.time() + self._timeout\n        while True:\n            try:\n                value = method(self._driver)\n                if value:\n                    return value\n            except self._ignored_exceptions as exc:\n                screen = getattr(exc, 'screen', None)\n                stacktrace = getattr(exc, 'stacktrace', None)\n            time.sleep(self._poll)\n            if time.time() > end_time:\n                break\n>       raise TimeoutException(message, screen, stacktrace)\nE       selenium.common.exceptions.TimeoutException: Message:\n\n/opt/hostedtoolcache/Python/3.9.6/x64/lib/python3.9/site-packages/selenium/webdriver/support/wait.py:80: TimeoutException",
  "flaky" : false,
  "newFailed" : false,
  "beforeStages" : [ {
    "name" : "browser",
    "time" : {
      "start" : 1628154496781,
      "stop" : 1628154498523,
      "duration" : 1742
    },
    "status" : "passed",
    "steps" : [ ],
    "attachments" : [ ],
    "parameters" : [ ],
    "stepsCount" : 0,
    "attachmentsCount" : 0,
    "shouldDisplayMessage" : false,
    "hasContent" : false
  } ],
  "afterStages" : [ ],
  "labels" : [ {
    "name" : "parentSuite",
    "value" : "python_tests"
  }, {
    "name" : "suite",
    "value" : "test_conduit"
  }, {
    "name" : "host",
    "value" : "fv-az77-166"
  }, {
    "name" : "thread",
    "value" : "3709-MainThread"
  }, {
    "name" : "framework",
    "value" : "pytest"
  }, {
    "name" : "language",
    "value" : "cpython3"
  }, {
    "name" : "package",
    "value" : "python_tests.test_conduit"
  }, {
    "name" : "resultFormat",
    "value" : "allure2"
  } ],
  "parameters" : [ ],
  "links" : [ ],
  "hidden" : false,
  "retry" : false,
  "extra" : {
    "severity" : "normal",
    "retries" : [ ],
    "categories" : [ {
      "name" : "Test defects",
      "matchedStatuses" : [ ],
      "flaky" : false
    } ],
    "history" : {
      "statistic" : {
        "failed" : 0,
        "broken" : 1,
        "skipped" : 0,
        "passed" : 1,
        "unknown" : 0,
        "total" : 2
      },
      "items" : [ {
        "uid" : "e25b399f3e1d5019",
        "reportUrl" : "https://jkozma78.github.io/conduit/126//#testresult/e25b399f3e1d5019",
        "status" : "passed",
        "time" : {
          "start" : 1628151575035,
          "stop" : 1628151575147,
          "duration" : 112
        }
      } ]
    },
    "tags" : [ ]
  },
  "source" : "e83044b97997a1ad.json",
  "parameterValues" : [ ]
}