{
  "uid" : "691e5087de90a147",
  "name" : "test_edit_article",
  "fullName" : "python_tests.test_conduit#test_edit_article",
  "historyId" : "ea28859b624e352be688687925720b07",
  "time" : {
    "start" : 1628172773411,
    "stop" : 1628172783487,
    "duration" : 10076
  },
  "description" : "edit the last article",
  "descriptionHtml" : "<p>edit the last article</p>\n",
  "status" : "broken",
  "statusMessage" : "selenium.common.exceptions.NoSuchElementException: Message: no such element: Unable to locate element: {\"method\":\"xpath\",\"selector\":\"//a[@class=\"btn btn-sm btn-outline-secondary\"]\"}\n  (Session info: headless chrome=92.0.4515.131)",
  "statusTrace" : "browser = <selenium.webdriver.chrome.webdriver.WebDriver (session=\"fd3c0d3deb03b563aaa20def2a936888\")>\n\n    def test_edit_article(browser):\n        \"\"\"edit the last article\"\"\"\n>       find_locators(browser, 'edit').click()\n\npython_tests/test_conduit.py:170: \n_ _ _ _ _ _ _ _ _ _ _ _ _ _ _ _ _ _ _ _ _ _ _ _ _ _ _ _ _ _ _ _ _ _ _ _ _ _ _ _ \npython_tests/test_conduit.py:61: in find_locators\n    return browser.find_element_by_xpath(locators[xpath])\n/opt/hostedtoolcache/Python/3.9.6/x64/lib/python3.9/site-packages/selenium/webdriver/remote/webdriver.py:394: in find_element_by_xpath\n    return self.find_element(by=By.XPATH, value=xpath)\n/opt/hostedtoolcache/Python/3.9.6/x64/lib/python3.9/site-packages/selenium/webdriver/remote/webdriver.py:976: in find_element\n    return self.execute(Command.FIND_ELEMENT, {\n/opt/hostedtoolcache/Python/3.9.6/x64/lib/python3.9/site-packages/selenium/webdriver/remote/webdriver.py:321: in execute\n    self.error_handler.check_response(response)\n_ _ _ _ _ _ _ _ _ _ _ _ _ _ _ _ _ _ _ _ _ _ _ _ _ _ _ _ _ _ _ _ _ _ _ _ _ _ _ _ \n\nself = <selenium.webdriver.remote.errorhandler.ErrorHandler object at 0x7ffbf9312d00>\nresponse = {'status': 404, 'value': '{\"value\":{\"error\":\"no such element\",\"message\":\"no such element: Unable to locate element: {\\...wn>\\\\n#15 0x563d93b44e58 \\\\u003Cunknown>\\\\n#16 0x563d93b5edfd \\\\u003Cunknown>\\\\n#17 0x7f984dca7609 start_thread\\\\n\"}}'}\n\n    def check_response(self, response):\n        \"\"\"\n        Checks that a JSON response from the WebDriver does not have an error.\n    \n        :Args:\n         - response - The JSON response from the WebDriver server as a dictionary\n           object.\n    \n        :Raises: If the response contains an error message.\n        \"\"\"\n        status = response.get('status', None)\n        if status is None or status == ErrorCode.SUCCESS:\n            return\n        value = None\n        message = response.get(\"message\", \"\")\n        screen = response.get(\"screen\", \"\")\n        stacktrace = None\n        if isinstance(status, int):\n            value_json = response.get('value', None)\n            if value_json and isinstance(value_json, basestring):\n                import json\n                try:\n                    value = json.loads(value_json)\n                    if len(value.keys()) == 1:\n                        value = value['value']\n                    status = value.get('error', None)\n                    if status is None:\n                        status = value[\"status\"]\n                        message = value[\"value\"]\n                        if not isinstance(message, basestring):\n                            value = message\n                            message = message.get('message')\n                    else:\n                        message = value.get('message', None)\n                except ValueError:\n                    pass\n    \n        exception_class = ErrorInResponseException\n        if status in ErrorCode.NO_SUCH_ELEMENT:\n            exception_class = NoSuchElementException\n        elif status in ErrorCode.NO_SUCH_FRAME:\n            exception_class = NoSuchFrameException\n        elif status in ErrorCode.NO_SUCH_WINDOW:\n            exception_class = NoSuchWindowException\n        elif status in ErrorCode.STALE_ELEMENT_REFERENCE:\n            exception_class = StaleElementReferenceException\n        elif status in ErrorCode.ELEMENT_NOT_VISIBLE:\n            exception_class = ElementNotVisibleException\n        elif status in ErrorCode.INVALID_ELEMENT_STATE:\n            exception_class = InvalidElementStateException\n        elif status in ErrorCode.INVALID_SELECTOR \\\n                or status in ErrorCode.INVALID_XPATH_SELECTOR \\\n                or status in ErrorCode.INVALID_XPATH_SELECTOR_RETURN_TYPER:\n            exception_class = InvalidSelectorException\n        elif status in ErrorCode.ELEMENT_IS_NOT_SELECTABLE:\n            exception_class = ElementNotSelectableException\n        elif status in ErrorCode.ELEMENT_NOT_INTERACTABLE:\n            exception_class = ElementNotInteractableException\n        elif status in ErrorCode.INVALID_COOKIE_DOMAIN:\n            exception_class = InvalidCookieDomainException\n        elif status in ErrorCode.UNABLE_TO_SET_COOKIE:\n            exception_class = UnableToSetCookieException\n        elif status in ErrorCode.TIMEOUT:\n            exception_class = TimeoutException\n        elif status in ErrorCode.SCRIPT_TIMEOUT:\n            exception_class = TimeoutException\n        elif status in ErrorCode.UNKNOWN_ERROR:\n            exception_class = WebDriverException\n        elif status in ErrorCode.UNEXPECTED_ALERT_OPEN:\n            exception_class = UnexpectedAlertPresentException\n        elif status in ErrorCode.NO_ALERT_OPEN:\n            exception_class = NoAlertPresentException\n        elif status in ErrorCode.IME_NOT_AVAILABLE:\n            exception_class = ImeNotAvailableException\n        elif status in ErrorCode.IME_ENGINE_ACTIVATION_FAILED:\n            exception_class = ImeActivationFailedException\n        elif status in ErrorCode.MOVE_TARGET_OUT_OF_BOUNDS:\n            exception_class = MoveTargetOutOfBoundsException\n        elif status in ErrorCode.JAVASCRIPT_ERROR:\n            exception_class = JavascriptException\n        elif status in ErrorCode.SESSION_NOT_CREATED:\n            exception_class = SessionNotCreatedException\n        elif status in ErrorCode.INVALID_ARGUMENT:\n            exception_class = InvalidArgumentException\n        elif status in ErrorCode.NO_SUCH_COOKIE:\n            exception_class = NoSuchCookieException\n        elif status in ErrorCode.UNABLE_TO_CAPTURE_SCREEN:\n            exception_class = ScreenshotException\n        elif status in ErrorCode.ELEMENT_CLICK_INTERCEPTED:\n            exception_class = ElementClickInterceptedException\n        elif status in ErrorCode.INSECURE_CERTIFICATE:\n            exception_class = InsecureCertificateException\n        elif status in ErrorCode.INVALID_COORDINATES:\n            exception_class = InvalidCoordinatesException\n        elif status in ErrorCode.INVALID_SESSION_ID:\n            exception_class = InvalidSessionIdException\n        elif status in ErrorCode.UNKNOWN_METHOD:\n            exception_class = UnknownMethodException\n        else:\n            exception_class = WebDriverException\n        if value == '' or value is None:\n            value = response['value']\n        if isinstance(value, basestring):\n            if exception_class == ErrorInResponseException:\n                raise exception_class(response, value)\n            raise exception_class(value)\n        if message == \"\" and 'message' in value:\n            message = value['message']\n    \n        screen = None\n        if 'screen' in value:\n            screen = value['screen']\n    \n        stacktrace = None\n        if 'stackTrace' in value and value['stackTrace']:\n            stacktrace = []\n            try:\n                for frame in value['stackTrace']:\n                    line = self._value_or_default(frame, 'lineNumber', '')\n                    file = self._value_or_default(frame, 'fileName', '<anonymous>')\n                    if line:\n                        file = \"%s:%s\" % (file, line)\n                    meth = self._value_or_default(frame, 'methodName', '<anonymous>')\n                    if 'className' in frame:\n                        meth = \"%s.%s\" % (frame['className'], meth)\n                    msg = \"    at %s (%s)\"\n                    msg = msg % (meth, file)\n                    stacktrace.append(msg)\n            except TypeError:\n                pass\n        if exception_class == ErrorInResponseException:\n            raise exception_class(response, message)\n        elif exception_class == UnexpectedAlertPresentException:\n            alert_text = None\n            if 'data' in value:\n                alert_text = value['data'].get('text')\n            elif 'alert' in value:\n                alert_text = value['alert'].get('text')\n            raise exception_class(message, screen, stacktrace, alert_text)\n>       raise exception_class(message, screen, stacktrace)\nE       selenium.common.exceptions.NoSuchElementException: Message: no such element: Unable to locate element: {\"method\":\"xpath\",\"selector\":\"//a[@class=\"btn btn-sm btn-outline-secondary\"]\"}\nE         (Session info: headless chrome=92.0.4515.131)\n\n/opt/hostedtoolcache/Python/3.9.6/x64/lib/python3.9/site-packages/selenium/webdriver/remote/errorhandler.py:242: NoSuchElementException",
  "flaky" : false,
  "newFailed" : false,
  "beforeStages" : [ {
    "name" : "browser",
    "time" : {
      "start" : 1628172704688,
      "stop" : 1628172739340,
      "duration" : 34652
    },
    "status" : "passed",
    "steps" : [ ],
    "attachments" : [ ],
    "parameters" : [ ],
    "stepsCount" : 0,
    "attachmentsCount" : 0,
    "shouldDisplayMessage" : false,
    "hasContent" : false
  } ],
  "afterStages" : [ ],
  "labels" : [ {
    "name" : "parentSuite",
    "value" : "python_tests"
  }, {
    "name" : "suite",
    "value" : "test_conduit"
  }, {
    "name" : "host",
    "value" : "fv-az39-504"
  }, {
    "name" : "thread",
    "value" : "3802-MainThread"
  }, {
    "name" : "framework",
    "value" : "pytest"
  }, {
    "name" : "language",
    "value" : "cpython3"
  }, {
    "name" : "package",
    "value" : "python_tests.test_conduit"
  }, {
    "name" : "resultFormat",
    "value" : "allure2"
  } ],
  "parameters" : [ ],
  "links" : [ ],
  "hidden" : false,
  "retry" : false,
  "extra" : {
    "severity" : "normal",
    "retries" : [ ],
    "categories" : [ {
      "name" : "Test defects",
      "matchedStatuses" : [ ],
      "flaky" : false
    } ],
    "history" : {
      "statistic" : {
        "failed" : 0,
        "broken" : 5,
        "skipped" : 0,
        "passed" : 4,
        "unknown" : 0,
        "total" : 9
      },
      "items" : [ {
        "uid" : "595e7eccb02a1e6",
        "reportUrl" : "https://jkozma78.github.io/conduit/133//#testresult/595e7eccb02a1e6",
        "status" : "broken",
        "statusDetails" : "selenium.common.exceptions.NoSuchElementException: Message: no such element: Unable to locate element: {\"method\":\"xpath\",\"selector\":\"//a[@class=\"btn btn-sm btn-outline-secondary\"]\"}\n  (Session info: headless chrome=92.0.4515.131)",
        "time" : {
          "start" : 1628171928539,
          "stop" : 1628171938627,
          "duration" : 10088
        }
      }, {
        "uid" : "123e03c405e7d68",
        "reportUrl" : "https://jkozma78.github.io/conduit/132//#testresult/123e03c405e7d68",
        "status" : "broken",
        "statusDetails" : "selenium.common.exceptions.NoSuchElementException: Message: no such element: Unable to locate element: {\"method\":\"xpath\",\"selector\":\"//a[@class=\"btn btn-sm btn-outline-secondary\"]\"}\n  (Session info: headless chrome=92.0.4515.131)",
        "time" : {
          "start" : 1628171293561,
          "stop" : 1628171303631,
          "duration" : 10070
        }
      }, {
        "uid" : "536c3d161bf26092",
        "reportUrl" : "https://jkozma78.github.io/conduit/131//#testresult/536c3d161bf26092",
        "status" : "passed",
        "time" : {
          "start" : 1628169304504,
          "stop" : 1628169304996,
          "duration" : 492
        }
      }, {
        "uid" : "7743ab546b659c5",
        "reportUrl" : "https://jkozma78.github.io/conduit/130//#testresult/7743ab546b659c5",
        "status" : "passed",
        "time" : {
          "start" : 1628167644672,
          "stop" : 1628167645122,
          "duration" : 450
        }
      }, {
        "uid" : "8d728c35b988d37e",
        "reportUrl" : "https://jkozma78.github.io/conduit/129//#testresult/8d728c35b988d37e",
        "status" : "passed",
        "time" : {
          "start" : 1628166869826,
          "stop" : 1628166870288,
          "duration" : 462
        }
      }, {
        "uid" : "99f846e75f3b0e40",
        "reportUrl" : "https://jkozma78.github.io/conduit/128//#testresult/99f846e75f3b0e40",
        "status" : "broken",
        "statusDetails" : "selenium.common.exceptions.NoSuchElementException: Message: no such element: Unable to locate element: {\"method\":\"xpath\",\"selector\":\"//a[@class=\"btn btn-sm btn-outline-secondary\"]\"}\n  (Session info: headless chrome=92.0.4515.131)",
        "time" : {
          "start" : 1628159491791,
          "stop" : 1628159501826,
          "duration" : 10035
        }
      }, {
        "uid" : "c9be4bebb86fdc2f",
        "reportUrl" : "https://jkozma78.github.io/conduit/127//#testresult/c9be4bebb86fdc2f",
        "status" : "broken",
        "statusDetails" : "selenium.common.exceptions.NoSuchElementException: Message: no such element: Unable to locate element: {\"method\":\"xpath\",\"selector\":\"//a[@class=\"btn btn-sm btn-outline-secondary\"]\"}\n  (Session info: headless chrome=92.0.4515.131)",
        "time" : {
          "start" : 1628154590618,
          "stop" : 1628154600654,
          "duration" : 10036
        }
      }, {
        "uid" : "edc9f614b9e1245b",
        "reportUrl" : "https://jkozma78.github.io/conduit/126//#testresult/edc9f614b9e1245b",
        "status" : "passed",
        "time" : {
          "start" : 1628151575659,
          "stop" : 1628151576587,
          "duration" : 928
        }
      } ]
    },
    "tags" : [ ]
  },
  "source" : "691e5087de90a147.json",
  "parameterValues" : [ ]
}