{
  "uid" : "54e5332413d63526",
  "name" : "test_pagination",
  "fullName" : "python_tests.test_conduit#test_pagination",
  "historyId" : "532b9e2dfc4cebe6a98496e9dbd599c5",
  "time" : {
    "start" : 1628100330280,
    "stop" : 1628100351399,
    "duration" : 21119
  },
  "description" : "select last page and assert if it is 'page-item active' ",
  "descriptionHtml" : "<p>select last page and assert if it is 'page-item active'</p>\n",
  "status" : "broken",
  "statusMessage" : "selenium.common.exceptions.TimeoutException: Message:",
  "statusTrace" : "browser = <selenium.webdriver.chrome.webdriver.WebDriver (session=\"6a4ec70cd269deb643912a98fd703f17\")>\n\n    def test_pagination(browser):\n        \"\"\"select last page and assert if it is 'page-item active' \"\"\"\n>       wait_for_element(browser, locators[\"pages\"])\n\npython_tests/test_conduit.py:133: \n_ _ _ _ _ _ _ _ _ _ _ _ _ _ _ _ _ _ _ _ _ _ _ _ _ _ _ _ _ _ _ _ _ _ _ _ _ _ _ _ \npython_tests/test_conduit.py:65: in wait_for_element\n    return WebDriverWait(browser, 20).until(\n_ _ _ _ _ _ _ _ _ _ _ _ _ _ _ _ _ _ _ _ _ _ _ _ _ _ _ _ _ _ _ _ _ _ _ _ _ _ _ _ \n\nself = <selenium.webdriver.support.wait.WebDriverWait (session=\"6a4ec70cd269deb643912a98fd703f17\")>\nmethod = <selenium.webdriver.support.expected_conditions.visibility_of_element_located object at 0x7f39e360ea60>\nmessage = ''\n\n    def until(self, method, message=''):\n        \"\"\"Calls the method provided with the driver as an argument until the \\\n        return value is not False.\"\"\"\n        screen = None\n        stacktrace = None\n    \n        end_time = time.time() + self._timeout\n        while True:\n            try:\n                value = method(self._driver)\n                if value:\n                    return value\n            except self._ignored_exceptions as exc:\n                screen = getattr(exc, 'screen', None)\n                stacktrace = getattr(exc, 'stacktrace', None)\n            time.sleep(self._poll)\n            if time.time() > end_time:\n                break\n>       raise TimeoutException(message, screen, stacktrace)\nE       selenium.common.exceptions.TimeoutException: Message:\n\n/opt/hostedtoolcache/Python/3.9.6/x64/lib/python3.9/site-packages/selenium/webdriver/support/wait.py:80: TimeoutException",
  "flaky" : false,
  "newFailed" : false,
  "beforeStages" : [ {
    "name" : "browser",
    "time" : {
      "start" : 1628100311888,
      "stop" : 1628100313622,
      "duration" : 1734
    },
    "status" : "passed",
    "steps" : [ ],
    "attachments" : [ ],
    "parameters" : [ ],
    "stepsCount" : 0,
    "attachmentsCount" : 0,
    "shouldDisplayMessage" : false,
    "hasContent" : false
  } ],
  "afterStages" : [ ],
  "labels" : [ {
    "name" : "parentSuite",
    "value" : "python_tests"
  }, {
    "name" : "suite",
    "value" : "test_conduit"
  }, {
    "name" : "host",
    "value" : "fv-az42-379"
  }, {
    "name" : "thread",
    "value" : "3661-MainThread"
  }, {
    "name" : "framework",
    "value" : "pytest"
  }, {
    "name" : "language",
    "value" : "cpython3"
  }, {
    "name" : "package",
    "value" : "python_tests.test_conduit"
  }, {
    "name" : "resultFormat",
    "value" : "allure2"
  } ],
  "parameters" : [ ],
  "links" : [ ],
  "hidden" : false,
  "retry" : false,
  "extra" : {
    "severity" : "normal",
    "retries" : [ ],
    "categories" : [ {
      "name" : "Test defects",
      "matchedStatuses" : [ ],
      "flaky" : false
    } ],
    "history" : {
      "statistic" : {
        "failed" : 0,
        "broken" : 2,
        "skipped" : 0,
        "passed" : 6,
        "unknown" : 0,
        "total" : 8
      },
      "items" : [ {
        "uid" : "deffd82dc63e19ab",
        "reportUrl" : "https://jkozma78.github.io/conduit/109//#testresult/deffd82dc63e19ab",
        "status" : "passed",
        "time" : {
          "start" : 1628100087983,
          "stop" : 1628100088108,
          "duration" : 125
        }
      }, {
        "uid" : "4785f6e647b63887",
        "reportUrl" : "https://jkozma78.github.io/conduit/108//#testresult/4785f6e647b63887",
        "status" : "passed",
        "time" : {
          "start" : 1628099327709,
          "stop" : 1628099327803,
          "duration" : 94
        }
      }, {
        "uid" : "68a62dfb0fe07c8a",
        "reportUrl" : "https://jkozma78.github.io/conduit/107//#testresult/68a62dfb0fe07c8a",
        "status" : "passed",
        "time" : {
          "start" : 1628098865777,
          "stop" : 1628098865888,
          "duration" : 111
        }
      }, {
        "uid" : "43c22bc06a734b49",
        "reportUrl" : "https://jkozma78.github.io/conduit/106//#testresult/43c22bc06a734b49",
        "status" : "passed",
        "time" : {
          "start" : 1628098046153,
          "stop" : 1628098046264,
          "duration" : 111
        }
      }, {
        "uid" : "cca8a9d928fb676a",
        "reportUrl" : "https://jkozma78.github.io/conduit/105//#testresult/cca8a9d928fb676a",
        "status" : "passed",
        "time" : {
          "start" : 1628093214036,
          "stop" : 1628093214140,
          "duration" : 104
        }
      }, {
        "uid" : "cdec34cefdf9d41b",
        "reportUrl" : "https://jkozma78.github.io/conduit/104//#testresult/cdec34cefdf9d41b",
        "status" : "passed",
        "time" : {
          "start" : 1627142958737,
          "stop" : 1627142959685,
          "duration" : 948
        }
      }, {
        "uid" : "53956d0028037136",
        "reportUrl" : "https://jkozma78.github.io/conduit/103//#testresult/53956d0028037136",
        "status" : "broken",
        "statusDetails" : "selenium.common.exceptions.TimeoutException: Message:",
        "time" : {
          "start" : 1627142691353,
          "stop" : 1627142702402,
          "duration" : 11049
        }
      } ]
    },
    "tags" : [ ]
  },
  "source" : "54e5332413d63526.json",
  "parameterValues" : [ ]
}